<?xml version="1.0" encoding="UTF-8"?>
<!-- Generated by org.testng.reporters.JUnitReportReporter -->
<testsuite hostname="DESKTOP-24L2G75" failures="0" tests="5" name="org.TestNgtask.Task1" time="0.039" errors="0" timestamp="10 Sep 2022 07:18:32 GMT" skipped="0">
  <testcase classname="org.TestNgtask.Task1" name="Task5" time="0.002"/>
  <testcase classname="org.TestNgtask.Task1" name="Task2" time="0.010"/>
  <testcase classname="org.TestNgtask.Task1" name="Task3" time="0.002"/>
  <testcase classname="org.TestNgtask.Task1" name="Task" time="0.022"/>
  <testcase classname="org.TestNgtask.Task1" name="Task4" time="0.003"/>
</testsuite> <!-- org.TestNgtask.Task1 -->
